0 info it worked if it ends with ok
1 verbose cli [ 'node', '/usr/local/bin/npm', 'install', '-g', 'npm@latest' ]
2 info using npm@2.1.14
3 info using node@v0.10.35
4 verbose node symlink /usr/local/bin/node
5 warn package.json dots@0.0.6 No repository field.
6 silly cache add args [ 'npm@latest', null ]
7 verbose cache add spec npm@latest
8 silly cache add parsed spec { raw: 'npm@latest',
8 silly cache add   scope: null,
8 silly cache add   name: 'npm',
8 silly cache add   rawSpec: 'latest',
8 silly cache add   spec: 'latest',
8 silly cache add   type: 'tag' }
9 verbose addNamed npm@latest
10 silly addNamed semver.valid null
11 silly addNamed semver.validRange null
12 info addNameTag [ 'npm', 'latest' ]
13 silly mapToRegistry name npm
14 silly mapToRegistry using default registry
15 silly mapToRegistry registry https://registry.npmjs.org/
16 silly mapToRegistry uri https://registry.npmjs.org/npm
17 verbose addNameTag registry:https://registry.npmjs.org/npm not in flight; fetching
18 verbose request uri https://registry.npmjs.org/npm
19 verbose request no auth needed
20 info attempt registry request try #1 at 10:22:41
21 verbose request id 3dfb5faeaf40aa6e
22 verbose etag "BD8I03Z0UDE2RTZTL0LBHYV2X"
23 http request GET https://registry.npmjs.org/npm
24 http 200 https://registry.npmjs.org/npm
25 silly get cb [ 200,
25 silly get   { date: 'Fri, 26 Dec 2014 02:22:42 GMT',
25 silly get     server: 'CouchDB/1.5.0 (Erlang OTP/R16B03)',
25 silly get     etag: '"A5ZAETG6ILT5TEUI1QFKNBTW2"',
25 silly get     'content-type': 'application/json',
25 silly get     'cache-control': 'max-age=60',
25 silly get     'content-length': '1808851',
25 silly get     'accept-ranges': 'bytes',
25 silly get     via: '1.1 varnish',
25 silly get     age: '26',
25 silly get     'x-served-by': 'cache-ty66-TYO',
25 silly get     'x-cache': 'HIT',
25 silly get     'x-cache-hits': '2',
25 silly get     'x-timer': 'S1419560562.306440,VS0,VE0',
25 silly get     vary: 'Accept',
25 silly get     'keep-alive': 'timeout=10, max=50',
25 silly get     connection: 'Keep-Alive' } ]
26 silly addNameTag next cb for npm with tag latest
27 verbose addNamed npm@2.1.16
28 silly addNamed semver.valid 2.1.16
29 silly addNamed semver.validRange 2.1.16
30 silly mapToRegistry name npm
31 silly mapToRegistry using default registry
32 silly mapToRegistry registry https://registry.npmjs.org/
33 silly mapToRegistry uri https://registry.npmjs.org/npm
34 verbose addRemoteTarball https://registry.npmjs.org/npm/-/npm-2.1.16.tgz not in flight; adding
35 verbose addRemoteTarball [ 'https://registry.npmjs.org/npm/-/npm-2.1.16.tgz',
35 verbose addRemoteTarball   '9b53f5a33d77d46ac731b0b1b7db0879d7d68ac5' ]
36 info retry fetch attempt 1 at 10:22:48
37 info attempt registry request try #1 at 10:22:48
38 http fetch GET https://registry.npmjs.org/npm/-/npm-2.1.16.tgz
39 http fetch 200 https://registry.npmjs.org/npm/-/npm-2.1.16.tgz
40 silly fetchAndShaCheck shasum 9b53f5a33d77d46ac731b0b1b7db0879d7d68ac5
41 verbose addTmpTarball /var/folders/wg/1f8yfx254sj2_bfrp9xwt3q40000gn/T/npm-46970-874dffc5/registry.npmjs.org/npm/-/npm-2.1.16.tgz not in flight; adding
42 verbose addTmpTarball already have metadata; skipping unpack for npm@2.1.16
43 silly cache afterAdd npm@2.1.16
44 verbose afterAdd /Users/archie/.npm/npm/2.1.16/package/package.json not in flight; writing
45 verbose afterAdd /Users/archie/.npm/npm/2.1.16/package/package.json written
46 silly install resolved [ { version: '2.1.16',
46 silly install resolved     name: 'npm',
46 silly install resolved     description: 'A package manager for node',
46 silly install resolved     keywords: [ 'package manager', 'modules', 'install', 'package.json' ],
46 silly install resolved     preferGlobal: true,
46 silly install resolved     config: { publishtest: false },
46 silly install resolved     homepage: 'https://docs.npmjs.com/',
46 silly install resolved     author:
46 silly install resolved      { name: 'Isaac Z. Schlueter',
46 silly install resolved        email: 'i@izs.me',
46 silly install resolved        url: 'http://blog.izs.me' },
46 silly install resolved     repository: { type: 'git', url: 'https://github.com/npm/npm' },
46 silly install resolved     bugs:
46 silly install resolved      { url: 'http://github.com/npm/npm/issues',
46 silly install resolved        email: 'npm-@googlegroups.com' },
46 silly install resolved     directories: { doc: './doc', man: './man', lib: './lib', bin: './bin' },
46 silly install resolved     main: './lib/npm.js',
46 silly install resolved     bin: { npm: './bin/npm-cli.js' },
46 silly install resolved     dependencies:
46 silly install resolved      { abbrev: '~1.0.5',
46 silly install resolved        ansi: '~0.3.0',
46 silly install resolved        ansicolors: '~0.3.2',
46 silly install resolved        ansistyles: '~0.1.3',
46 silly install resolved        archy: '~1.0.0',
46 silly install resolved        'async-some': '~1.0.1',
46 silly install resolved        'block-stream': '0.0.7',
46 silly install resolved        'char-spinner': '~1.0.1',
46 silly install resolved        'child-process-close': '~0.1.1',
46 silly install resolved        chmodr: '~0.1.0',
46 silly install resolved        chownr: '0',
46 silly install resolved        'cmd-shim': '~2.0.1',
46 silly install resolved        columnify: '~1.3.2',
46 silly install resolved        'config-chain': '~1.1.8',
46 silly install resolved        dezalgo: '~1.0.1',
46 silly install resolved        editor: '~0.1.0',
46 silly install resolved        'fs-vacuum': '~1.2.5',
46 silly install resolved        'fs-write-stream-atomic': '~1.0.2',
46 silly install resolved        fstream: '~1.0.3',
46 silly install resolved        'fstream-npm': '~1.0.1',
46 silly install resolved        'github-url-from-git': '~1.4.0',
46 silly install resolved        'github-url-from-username-repo': '~1.0.2',
46 silly install resolved        glob: '~4.3.1',
46 silly install resolved        'graceful-fs': '~3.0.5',
46 silly install resolved        inflight: '~1.0.4',
46 silly install resolved        inherits: '~2.0.1',
46 silly install resolved        ini: '~1.3.2',
46 silly install resolved        'init-package-json': '~1.1.3',
46 silly install resolved        lockfile: '~1.0.0',
46 silly install resolved        'lru-cache': '~2.5.0',
46 silly install resolved        minimatch: '~2.0.1',
46 silly install resolved        mkdirp: '~0.5.0',
46 silly install resolved        'node-gyp': '~1.0.2',
46 silly install resolved        nopt: '~3.0.1',
46 silly install resolved        'normalize-package-data': '~1.0.3',
46 silly install resolved        'npm-cache-filename': '~1.0.1',
46 silly install resolved        'npm-install-checks': '~1.0.2',
46 silly install resolved        'npm-package-arg': '~2.1.3',
46 silly install resolved        'npm-registry-client': '~4.0.5',
46 silly install resolved        'npm-user-validate': '~0.1.1',
46 silly install resolved        npmlog: '~0.1.1',
46 silly install resolved        once: '~1.3.1',
46 silly install resolved        opener: '~1.4.0',
46 silly install resolved        osenv: '~0.1.0',
46 silly install resolved        'path-is-inside': '~1.0.0',
46 silly install resolved        read: '~1.0.4',
46 silly install resolved        'read-installed': '~3.1.5',
46 silly install resolved        'read-package-json': '~1.2.7',
46 silly install resolved        'readable-stream': '~1.0.33',
46 silly install resolved        'realize-package-specifier': '~1.3.0',
46 silly install resolved        request: '~2.51.0',
46 silly install resolved        retry: '~0.6.1',
46 silly install resolved        rimraf: '~2.2.8',
46 silly install resolved        semver: '~4.1.1',
46 silly install resolved        sha: '~1.3.0',
46 silly install resolved        slide: '~1.1.6',
46 silly install resolved        'sorted-object': '~1.0.0',
46 silly install resolved        tar: '~1.0.3',
46 silly install resolved        'text-table': '~0.2.0',
46 silly install resolved        'uid-number': '0.0.6',
46 silly install resolved        which: '~1.0.8',
46 silly install resolved        wrappy: '~1.0.1',
46 silly install resolved        'write-file-atomic': '~1.1.0' },
46 silly install resolved     bundleDependencies:
46 silly install resolved      [ 'abbrev',
46 silly install resolved        'ansi',
46 silly install resolved        'ansicolors',
46 silly install resolved        'ansistyles',
46 silly install resolved        'archy',
46 silly install resolved        'async-some',
46 silly install resolved        'block-stream',
46 silly install resolved        'char-spinner',
46 silly install resolved        'child-process-close',
46 silly install resolved        'chmodr',
46 silly install resolved        'chownr',
46 silly install resolved        'cmd-shim',
46 silly install resolved        'columnify',
46 silly install resolved        'config-chain',
46 silly install resolved        'dezalgo',
46 silly install resolved        'editor',
46 silly install resolved        'fs-vacuum',
46 silly install resolved        'fs-write-stream-atomic',
46 silly install resolved        'fstream',
46 silly install resolved        'fstream-npm',
46 silly install resolved        'github-url-from-git',
46 silly install resolved        'github-url-from-username-repo',
46 silly install resolved        'glob',
46 silly install resolved        'graceful-fs',
46 silly install resolved        'inflight',
46 silly install resolved        'inherits',
46 silly install resolved        'ini',
46 silly install resolved        'init-package-json',
46 silly install resolved        'lockfile',
46 silly install resolved        'lru-cache',
46 silly install resolved        'minimatch',
46 silly install resolved        'mkdirp',
46 silly install resolved        'node-gyp',
46 silly install resolved        'nopt',
46 silly install resolved        'normalize-package-data',
46 silly install resolved        'npm-cache-filename',
46 silly install resolved        'npm-install-checks',
46 silly install resolved        'npm-package-arg',
46 silly install resolved        'npm-registry-client',
46 silly install resolved        'npm-user-validate',
46 silly install resolved        'npmlog',
46 silly install resolved        'once',
46 silly install resolved        'opener',
46 silly install resolved        'osenv',
46 silly install resolved        'path-is-inside',
46 silly install resolved        'read',
46 silly install resolved        'read-installed',
46 silly install resolved        'read-package-json',
46 silly install resolved        'readable-stream',
46 silly install resolved        'realize-package-specifier',
46 silly install resolved        'request',
46 silly install resolved        'retry',
46 silly install resolved        'rimraf',
46 silly install resolved        'semver',
46 silly install resolved        'sha',
46 silly install resolved        'slide',
46 silly install resolved        'sorted-object',
46 silly install resolved        'tar',
46 silly install resolved        'text-table',
46 silly install resolved        'uid-number',
46 silly install resolved        'which',
46 silly install resolved        'wrappy',
46 silly install resolved        'write-file-atomic' ],
46 silly install resolved     devDependencies:
46 silly install resolved      { marked: '~0.3.2',
46 silly install resolved        'marked-man': '~0.1.4',
46 silly install resolved        nock: '~0.51.0',
46 silly install resolved        'npm-registry-couchapp': '~2.6.2',
46 silly install resolved        'npm-registry-mock': '~0.6.3',
46 silly install resolved        'require-inject': '~1.1.0',
46 silly install resolved        tap: '~0.4.12' },
46 silly install resolved     scripts:
46 silly install resolved      { 'test-legacy': 'node ./test/run.js',
46 silly install resolved        test: 'tap --timeout 120 test/tap/*.js',
46 silly install resolved        tap: 'tap --timeout 120 test/tap/*.js',
46 silly install resolved        'test-all': 'node ./test/run.js && tap test/tap/*.js',
46 silly install resolved        prepublish: 'node bin/npm-cli.js prune --prefix=. --no-global && rm -rf test/*/*/node_modules && make -j8 doc',
46 silly install resolved        dumpconf: 'env | grep npm | sort | uniq' },
46 silly install resolved     license: 'Artistic-2.0',
46 silly install resolved     contributors:
46 silly install resolved      [ [Object],
46 silly install resolved        [Object],
46 silly install resolved        [Object],
46 silly install resolved        [Object],
46 silly install resolved        [Object],
46 silly install resolved        [Object],
46 silly install resolved        [Object],
46 silly install resolved        [Object],
46 silly install resolved        [Object],
46 silly install resolved        [Object],
46 silly install resolved        [Object],
46 silly install resolved        [Object],
46 silly install resolved        [Object],
46 silly install resolved        [Object],
46 silly install resolved        [Object],
46 silly install resolved        [Object],
46 silly install resolved        [Object],
46 silly install resolved        [Object],
46 silly install resolved        [Object],
46 silly install resolved        [Object],
46 silly install resolved        [Object],
46 silly install resolved        [Object],
46 silly install resolved        [Object],
46 silly install resolved        [Object],
46 silly install resolved        [Object],
46 silly install resolved        [Object],
46 silly install resolved        [Object],
46 silly install resolved        [Object],
46 silly install resolved        [Object],
46 silly install resolved        [Object],
46 silly install resolved        [Object],
46 silly install resolved        [Object],
46 silly install resolved        [Object],
46 silly install resolved        [Object],
46 silly install resolved        [Object],
46 silly install resolved        [Object],
46 silly install resolved        [Object],
46 silly install resolved        [Object],
46 silly install resolved        [Object],
46 silly install resolved        [Object],
46 silly install resolved        [Object],
46 silly install resolved        [Object],
46 silly install resolved        [Object],
46 silly install resolved        [Object],
46 silly install resolved        [Object],
46 silly install resolved        [Object],
46 silly install resolved        [Object],
46 silly install resolved        [Object],
46 silly install resolved        [Object],
46 silly install resolved        [Object],
46 silly install resolved        [Object],
46 silly install resolved        [Object],
46 silly install resolved        [Object],
46 silly install resolved        [Object],
46 silly install resolved        [Object],
46 silly install resolved        [Object],
46 silly install resolved        [Object],
46 silly install resolved        [Object],
46 silly install resolved        [Object],
46 silly install resolved        [Object],
46 silly install resolved        [Object],
46 silly install resolved        [Object],
46 silly install resolved        [Object],
46 silly install resolved        [Object],
46 silly install resolved        [Object],
46 silly install resolved        [Object],
46 silly install resolved        [Object],
46 silly install resolved        [Object],
46 silly install resolved        [Object],
46 silly install resolved        [Object],
46 silly install resolved        [Object],
46 silly install resolved        [Object],
46 silly install resolved        [Object],
46 silly install resolved        [Object],
46 silly install resolved        [Object],
46 silly install resolved        [Object],
46 silly install resolved        [Object],
46 silly install resolved        [Object],
46 silly install resolved        [Object],
46 silly install resolved        [Object],
46 silly install resolved        [Object],
46 silly install resolved        [Object],
46 silly install resolved        [Object],
46 silly install resolved        [Object],
46 silly install resolved        [Object],
46 silly install resolved        [Object],
46 silly install resolved        [Object],
46 silly install resolved        [Object],
46 silly install resolved        [Object],
46 silly install resolved        [Object],
46 silly install resolved        [Object],
46 silly install resolved        [Object],
46 silly install resolved        [Object],
46 silly install resolved        [Object],
46 silly install resolved        [Object],
46 silly install resolved        [Object],
46 silly install resolved        [Object],
46 silly install resolved        [Object],
46 silly install resolved        [Object],
46 silly install resolved        [Object],
46 silly install resolved        [Object],
46 silly install resolved        [Object],
46 silly install resolved        [Object],
46 silly install resolved        [Object],
46 silly install resolved        [Object],
46 silly install resolved        [Object],
46 silly install resolved        [Object],
46 silly install resolved        [Object],
46 silly install resolved        [Object],
46 silly install resolved        [Object],
46 silly install resolved        [Object],
46 silly install resolved        [Object],
46 silly install resolved        [Object],
46 silly install resolved        [Object],
46 silly install resolved        [Object],
46 silly install resolved        [Object],
46 silly install resolved        [Object],
46 silly install resolved        [Object],
46 silly install resolved        [Object],
46 silly install resolved        [Object],
46 silly install resolved        [Object],
46 silly install resolved        [Object],
46 silly install resolved        [Object],
46 silly install resolved        [Object],
46 silly install resolved        [Object],
46 silly install resolved        [Object],
46 silly install resolved        [Object],
46 silly install resolved        [Object],
46 silly install resolved        [Object],
46 silly install resolved        [Object],
46 silly install resolved        [Object],
46 silly install resolved        [Object],
46 silly install resolved        [Object],
46 silly install resolved        [Object],
46 silly install resolved        [Object],
46 silly install resolved        [Object],
46 silly install resolved        [Object],
46 silly install resolved        [Object],
46 silly install resolved        [Object],
46 silly install resolved        [Object],
46 silly install resolved        [Object],
46 silly install resolved        [Object],
46 silly install resolved        [Object],
46 silly install resolved        [Object],
46 silly install resolved        [Object],
46 silly install resolved        [Object],
46 silly install resolved        [Object],
46 silly install resolved        [Object],
46 silly install resolved        [Object],
46 silly install resolved        [Object],
46 silly install resolved        [Object],
46 silly install resolved        [Object],
46 silly install resolved        [Object],
46 silly install resolved        [Object],
46 silly install resolved        [Object],
46 silly install resolved        [Object],
46 silly install resolved        [Object] ],
46 silly install resolved     man:
46 silly install resolved      [ '/Users/ogd/Documents/projects/npm/npm/man/man1/npm-README.1',
46 silly install resolved        '/Users/ogd/Documents/projects/npm/npm/man/man1/npm-adduser.1',
46 silly install resolved        '/Users/ogd/Documents/projects/npm/npm/man/man1/npm-bin.1',
46 silly install resolved        '/Users/ogd/Documents/projects/npm/npm/man/man1/npm-bugs.1',
46 silly install resolved        '/Users/ogd/Documents/projects/npm/npm/man/man1/npm-build.1',
46 silly install resolved        '/Users/ogd/Documents/projects/npm/npm/man/man1/npm-bundle.1',
46 silly install resolved        '/Users/ogd/Documents/projects/npm/npm/man/man1/npm-cache.1',
46 silly install resolved        '/Users/ogd/Documents/projects/npm/npm/man/man1/npm-completion.1',
46 silly install resolved        '/Users/ogd/Documents/projects/npm/npm/man/man1/npm-config.1',
46 silly install resolved        '/Users/ogd/Documents/projects/npm/npm/man/man1/npm-dedupe.1',
46 silly install resolved        '/Users/ogd/Documents/projects/npm/npm/man/man1/npm-deprecate.1',
46 silly install resolved        '/Users/ogd/Documents/projects/npm/npm/man/man1/npm-docs.1',
46 silly install resolved        '/Users/ogd/Documents/projects/npm/npm/man/man1/npm-edit.1',
46 silly install resolved        '/Users/ogd/Documents/projects/npm/npm/man/man1/npm-explore.1',
46 silly install resolved        '/Users/ogd/Documents/projects/npm/npm/man/man1/npm-help-search.1',
46 silly install resolved        '/Users/ogd/Documents/projects/npm/npm/man/man1/npm-help.1',
46 silly install resolved        '/Users/ogd/Documents/projects/npm/npm/man/man1/npm-init.1',
46 silly install resolved        '/Users/ogd/Documents/projects/npm/npm/man/man1/npm-install.1',
46 silly install resolved        '/Users/ogd/Documents/projects/npm/npm/man/man1/npm-link.1',
46 silly install resolved        '/Users/ogd/Documents/projects/npm/npm/man/man1/npm-ls.1',
46 silly install resolved        '/Users/ogd/Documents/projects/npm/npm/man/man1/npm-outdated.1',
46 silly install resolved        '/Users/ogd/Documents/projects/npm/npm/man/man1/npm-owner.1',
46 silly install resolved        '/Users/ogd/Documents/projects/npm/npm/man/man1/npm-pack.1',
46 silly install resolved        '/Users/ogd/Documents/projects/npm/npm/man/man1/npm-prefix.1',
46 silly install resolved        '/Users/ogd/Documents/projects/npm/npm/man/man1/npm-prune.1',
46 silly install resolved        '/Users/ogd/Documents/projects/npm/npm/man/man1/npm-publish.1',
46 silly install resolved        '/Users/ogd/Documents/projects/npm/npm/man/man1/npm-rebuild.1',
46 silly install resolved        '/Users/ogd/Documents/projects/npm/npm/man/man1/npm-repo.1',
46 silly install resolved        '/Users/ogd/Documents/projects/npm/npm/man/man1/npm-restart.1',
46 silly install resolved        '/Users/ogd/Documents/projects/npm/npm/man/man1/npm-rm.1',
46 silly install resolved        '/Users/ogd/Documents/projects/npm/npm/man/man1/npm-root.1',
46 silly install resolved        '/Users/ogd/Documents/projects/npm/npm/man/man1/npm-run-script.1',
46 silly install resolved        '/Users/ogd/Documents/projects/npm/npm/man/man1/npm-search.1',
46 silly install resolved        '/Users/ogd/Documents/projects/npm/npm/man/man1/npm-shrinkwrap.1',
46 silly install resolved        '/Users/ogd/Documents/projects/npm/npm/man/man1/npm-star.1',
46 silly install resolved        '/Users/ogd/Documents/projects/npm/npm/man/man1/npm-stars.1',
46 silly install resolved        '/Users/ogd/Documents/projects/npm/npm/man/man1/npm-start.1',
46 silly install resolved        '/Users/ogd/Documents/projects/npm/npm/man/man1/npm-stop.1',
46 silly install resolved        '/Users/ogd/Documents/projects/npm/npm/man/man1/npm-submodule.1',
46 silly install resolved        '/Users/ogd/Documents/projects/npm/npm/man/man1/npm-tag.1',
46 silly install resolved        '/Users/ogd/Documents/projects/npm/npm/man/man1/npm-test.1',
46 silly install resolved        '/Users/ogd/Documents/projects/npm/npm/man/man1/npm-uninstall.1',
46 silly install resolved        '/Users/ogd/Documents/projects/npm/npm/man/man1/npm-unpublish.1',
46 silly install resolved        '/Users/ogd/Documents/projects/npm/npm/man/man1/npm-update.1',
46 silly install resolved        '/Users/ogd/Documents/projects/npm/npm/man/man1/npm-version.1',
46 silly install resolved        '/Users/ogd/Documents/projects/npm/npm/man/man1/npm-view.1',
46 silly install resolved        '/Users/ogd/Documents/projects/npm/npm/man/man1/npm-whoami.1',
46 silly install resolved        '/Users/ogd/Documents/projects/npm/npm/man/man1/npm.1',
46 silly install resolved        '/Users/ogd/Documents/projects/npm/npm/man/man3/npm-bin.3',
46 silly install resolved        '/Users/ogd/Documents/projects/npm/npm/man/man3/npm-bugs.3',
46 silly install resolved        '/Users/ogd/Documents/projects/npm/npm/man/man3/npm-cache.3',
46 silly install resolved        '/Users/ogd/Documents/projects/npm/npm/man/man3/npm-commands.3',
46 silly install resolved        '/Users/ogd/Documents/projects/npm/npm/man/man3/npm-config.3',
46 silly install resolved        '/Users/ogd/Documents/projects/npm/npm/man/man3/npm-deprecate.3',
46 silly install resolved        '/Users/ogd/Documents/projects/npm/npm/man/man3/npm-docs.3',
46 silly install resolved        '/Users/ogd/Documents/projects/npm/npm/man/man3/npm-edit.3',
46 silly install resolved        '/Users/ogd/Documents/projects/npm/npm/man/man3/npm-explore.3',
46 silly install resolved        '/Users/ogd/Documents/projects/npm/npm/man/man3/npm-help-search.3',
46 silly install resolved        '/Users/ogd/Documents/projects/npm/npm/man/man3/npm-init.3',
46 silly install resolved        '/Users/ogd/Documents/projects/npm/npm/man/man3/npm-install.3',
46 silly install resolved        '/Users/ogd/Documents/projects/npm/npm/man/man3/npm-link.3',
46 silly install resolved        '/Users/ogd/Documents/projects/npm/npm/man/man3/npm-load.3',
46 silly install resolved        '/Users/ogd/Documents/projects/npm/npm/man/man3/npm-ls.3',
46 silly install resolved        '/Users/ogd/Documents/projects/npm/npm/man/man3/npm-outdated.3',
46 silly install resolved        '/Users/ogd/Documents/projects/npm/npm/man/man3/npm-owner.3',
46 silly install resolved        '/Users/ogd/Documents/projects/npm/npm/man/man3/npm-pack.3',
46 silly install resolved        '/Users/ogd/Documents/projects/npm/npm/man/man3/npm-prefix.3',
46 silly install resolved        '/Users/ogd/Documents/projects/npm/npm/man/man3/npm-prune.3',
46 silly install resolved        '/Users/ogd/Documents/projects/npm/npm/man/man3/npm-publish.3',
46 silly install resolved        '/Users/ogd/Documents/projects/npm/npm/man/man3/npm-rebuild.3',
46 silly install resolved        '/Users/ogd/Documents/projects/npm/npm/man/man3/npm-repo.3',
46 silly install resolved        '/Users/ogd/Documents/projects/npm/npm/man/man3/npm-restart.3',
46 silly install resolved        '/Users/ogd/Documents/projects/npm/npm/man/man3/npm-root.3',
46 silly install resolved        '/Users/ogd/Documents/projects/npm/npm/man/man3/npm-run-script.3',
46 silly install resolved        '/Users/ogd/Documents/projects/npm/npm/man/man3/npm-search.3',
46 silly install resolved        '/Users/ogd/Documents/projects/npm/npm/man/man3/npm-shrinkwrap.3',
46 silly install resolved        '/Users/ogd/Documents/projects/npm/npm/man/man3/npm-start.3',
46 silly install resolved        '/Users/ogd/Documents/projects/npm/npm/man/man3/npm-stop.3',
46 silly install resolved        '/Users/ogd/Documents/projects/npm/npm/man/man3/npm-submodule.3',
46 silly install resolved        '/Users/ogd/Documents/projects/npm/npm/man/man3/npm-tag.3',
46 silly install resolved        '/Users/ogd/Documents/projects/npm/npm/man/man3/npm-test.3',
46 silly install resolved        '/Users/ogd/Documents/projects/npm/npm/man/man3/npm-uninstall.3',
46 silly install resolved        '/Users/ogd/Documents/projects/npm/npm/man/man3/npm-unpublish.3',
46 silly install resolved        '/Users/ogd/Documents/projects/npm/npm/man/man3/npm-update.3',
46 silly install resolved        '/Users/ogd/Documents/projects/npm/npm/man/man3/npm-version.3',
46 silly install resolved        '/Users/ogd/Documents/projects/npm/npm/man/man3/npm-view.3',
46 silly install resolved        '/Users/ogd/Documents/projects/npm/npm/man/man3/npm-whoami.3',
46 silly install resolved        '/Users/ogd/Documents/projects/npm/npm/man/man3/npm.3',
46 silly install resolved        '/Users/ogd/Documents/projects/npm/npm/man/man5/npm-folders.5',
46 silly install resolved        '/Users/ogd/Documents/projects/npm/npm/man/man5/npm-global.5',
46 silly install resolved        '/Users/ogd/Documents/projects/npm/npm/man/man5/npm-json.5',
46 silly install resolved        '/Users/ogd/Documents/projects/npm/npm/man/man5/npmrc.5',
46 silly install resolved        '/Users/ogd/Documents/projects/npm/npm/man/man5/package.json.5',
46 silly install resolved        '/Users/ogd/Documents/projects/npm/npm/man/man7/npm-coding-style.7',
46 silly install resolved        '/Users/ogd/Documents/projects/npm/npm/man/man7/npm-config.7',
46 silly install resolved        '/Users/ogd/Documents/projects/npm/npm/man/man7/npm-developers.7',
46 silly install resolved        '/Users/ogd/Documents/projects/npm/npm/man/man7/npm-disputes.7',
46 silly install resolved        '/Users/ogd/Documents/projects/npm/npm/man/man7/npm-faq.7',
46 silly install resolved        '/Users/ogd/Documents/projects/npm/npm/man/man7/npm-index.7',
46 silly install resolved        '/Users/ogd/Documents/projects/npm/npm/man/man7/npm-registry.7',
46 silly install resolved        '/Users/ogd/Documents/projects/npm/npm/man/man7/npm-scope.7',
46 silly install resolved        '/Users/ogd/Documents/projects/npm/npm/man/man7/npm-scripts.7',
46 silly install resolved        '/Users/ogd/Documents/projects/npm/npm/man/man7/removing-npm.7',
46 silly install resolved        '/Users/ogd/Documents/projects/npm/npm/man/man7/semver.7' ],
46 silly install resolved     gitHead: '0b62d395b227c25dc578db236018f85d2c249499',
46 silly install resolved     _id: 'npm@2.1.16',
46 silly install resolved     _shasum: '9b53f5a33d77d46ac731b0b1b7db0879d7d68ac5',
46 silly install resolved     _from: 'npm@latest',
46 silly install resolved     _npmVersion: '2.1.16',
46 silly install resolved     _nodeVersion: '0.10.34',
46 silly install resolved     _npmUser: { name: 'othiym23', email: 'ogd@aoaioxxysz.net' },
46 silly install resolved     maintainers: [ [Object], [Object] ],
46 silly install resolved     dist:
46 silly install resolved      { shasum: '9b53f5a33d77d46ac731b0b1b7db0879d7d68ac5',
46 silly install resolved        tarball: 'http://registry.npmjs.org/npm/-/npm-2.1.16.tgz' },
46 silly install resolved     _resolved: 'https://registry.npmjs.org/npm/-/npm-2.1.16.tgz' } ]
47 info install npm@2.1.16 into /usr/local/lib
48 info installOne npm@2.1.16
49 verbose installOne of npm to /usr/local/lib not in flight; installing
50 warn locking Error: EACCES, open '/Users/archie/.npm/_locks/npm-8bd9e7c51388758c.lock'
50 warn locking  /Users/archie/.npm/_locks/npm-8bd9e7c51388758c.lock failed { [Error: EACCES, open '/Users/archie/.npm/_locks/npm-8bd9e7c51388758c.lock']
50 warn locking   errno: 3,
50 warn locking   code: 'EACCES',
50 warn locking   path: '/Users/archie/.npm/_locks/npm-8bd9e7c51388758c.lock' }
51 verbose stack Error: Attempt to unlock /usr/local/lib/node_modules/npm, which hasn't been locked
51 verbose stack     at unlock (/usr/local/lib/node_modules/npm/lib/utils/locker.js:66:11)
51 verbose stack     at cb (/usr/local/lib/node_modules/npm/lib/install.js:929:5)
51 verbose stack     at /usr/local/lib/node_modules/npm/lib/install.js:933:20
51 verbose stack     at /usr/local/lib/node_modules/npm/lib/utils/locker.js:40:9
51 verbose stack     at cb (/usr/local/lib/node_modules/npm/node_modules/lockfile/lockfile.js:149:38)
51 verbose stack     at /usr/local/lib/node_modules/npm/node_modules/lockfile/lockfile.js:177:38
51 verbose stack     at Object.oncomplete (fs.js:108:15)
52 verbose cwd /Users/archie/sub-archie/build/practiseCoding
53 error Darwin 14.1.0
54 error argv "node" "/usr/local/bin/npm" "install" "-g" "npm@latest"
55 error node v0.10.35
56 error npm  v2.1.14
57 error Attempt to unlock /usr/local/lib/node_modules/npm, which hasn't been locked
58 error If you need help, you may report this error at:
58 error     <http://github.com/npm/npm/issues>
59 verbose exit [ 1, true ]
